Arguments: 
  C:\Program Files\nodejs\node.exe C:\Users\anhtu\AppData\Roaming\npm\node_modules\yarn\bin\yarn.js add cors

PATH: 
  C:\Program Files\Common Files\Oracle\Java\javapath;C:\windows\system32;C:\windows;C:\windows\System32\Wbem;C:\windows\System32\WindowsPowerShell\v1.0\;C:\windows\System32\OpenSSH\;C:\Users\anhtu\AppData\Roaming\nvm;C:\Program Files\nodejs;C:\Program Files\Git\cmd;C:\Program Files (x86)\Microsoft SQL Server\160\Tools\Binn\;C:\Program Files\Microsoft SQL Server\160\Tools\Binn\;C:\Program Files\Microsoft SQL Server\Client SDK\ODBC\170\Tools\Binn\;C:\Program Files\Microsoft SQL Server\160\DTS\Binn\;C:\Program Files (x86)\Microsoft SQL Server\160\DTS\Binn\;C:\Program Files\Docker\Docker\resources\bin;C:\Program Files\Microsoft SQL Server\150\Tools\Binn\;C:\Program Files\dotnet\;C:\Users\anhtu\AppData\Local\Microsoft\WindowsApps;C:\Users\anhtu\AppData\Local\Programs\Microsoft VS Code\bin;C:\Users\anhtu\AppData\Roaming\npm;C:\Users\anhtu\AppData\Roaming\nvm;C:\Program Files\nodejs;C:\Program Files\Azure Data Studio\bin;C:\Users\anhtu\.dotnet\tools

Yarn version: 
  1.22.19

Node version: 
  14.20.0

Platform: 
  win32 x64

Trace: 
  Error: EPERM: operation not permitted, unlink 'C:\Project Github\tuanna-blog\backend\node_modules\bcrypt\lib\binding\napi-v3\bcrypt_lib.node'

npm manifest: 
  {
    "name": "backend",
    "version": "1.0.0",
    "description": "",
    "main": "index.js",
    "scripts": {
      "test": "echo \"Error: no test specified\" && exit 1",
      "start": "nodemon src/server.js"
    },
    "author": "",
    "license": "ISC",
    "dependencies": {
      "bcrypt": "^5.1.0",
      "cors": "^2.8.5",
      "dotenv": "^16.0.3",
      "express": "^4.18.2",
      "jsonwebtoken": "^9.0.0",
      "mongoose": "^6.10.0"
    },
    "devDependencies": {
      "nodemon": "^2.0.20"
    }
  }

yarn manifest: 
  No manifest

Lockfile: 
  No lockfile
